<?xml version="1.0" ?>
<coverage version="5.5" timestamp="1626145239407" lines-valid="329" lines-covered="146" line-rate="0.4438" branches-valid="154" branches-covered="23" branch-rate="0.1494" complexity="0">
	<!-- Generated by coverage.py: https://coverage.readthedocs.io -->
	<!-- Based on https://raw.githubusercontent.com/cobertura/web/master/htdocs/xml/coverage-04.dtd -->
	<sources>
		<source>/home/const/software/scikits-bootstrap</source>
		<source>/home/const/software/scikits-bootstrap/tests</source>
	</sources>
	<packages>
		<package name="src.scikits" line-rate="1" branch-rate="1" complexity="0">
			<classes>
				<class name="__init__.py" filename="src/scikits/__init__.py" complexity="0" line-rate="1" branch-rate="1">
					<methods/>
					<lines>
						<line number="1" hits="1"/>
					</lines>
				</class>
			</classes>
		</package>
		<package name="src.scikits.bootstrap" line-rate="0.4" branch-rate="0.09836" complexity="0">
			<classes>
				<class name="__init__.py" filename="src/scikits/bootstrap/__init__.py" complexity="0" line-rate="1" branch-rate="1">
					<methods/>
					<lines>
						<line number="1" hits="1"/>
						<line number="4" hits="1"/>
					</lines>
				</class>
				<class name="bootstrap.py" filename="src/scikits/bootstrap/bootstrap.py" complexity="0" line-rate="0.3942" branch-rate="0.09836">
					<methods/>
					<lines>
						<line number="5" hits="1"/>
						<line number="7" hits="1"/>
						<line number="8" hits="1"/>
						<line number="9" hits="1"/>
						<line number="11" hits="1" branch="true" condition-coverage="50% (1/2)" missing-branches="24"/>
						<line number="12" hits="1"/>
						<line number="24" hits="0"/>
						<line number="25" hits="0"/>
						<line number="26" hits="0"/>
						<line number="27" hits="0"/>
						<line number="28" hits="1"/>
						<line number="29" hits="0"/>
						<line number="31" hits="0"/>
						<line number="32" hits="0"/>
						<line number="34" hits="1"/>
						<line number="35" hits="0"/>
						<line number="36" hits="0"/>
						<line number="38" hits="1"/>
						<line number="51" hits="0"/>
						<line number="54" hits="0"/>
						<line number="55" hits="0"/>
						<line number="58" hits="0"/>
						<line number="59" hits="1"/>
						<line number="62" hits="0"/>
						<line number="63" hits="0"/>
						<line number="66" hits="0"/>
						<line number="69" hits="1"/>
						<line number="74" hits="1"/>
						<line number="76" hits="1"/>
						<line number="78" hits="1"/>
						<line number="84" hits="0"/>
						<line number="85" hits="1"/>
						<line number="166" hits="0"/>
						<line number="294" hits="0" branch="true" condition-coverage="0% (0/2)" missing-branches="295,297"/>
						<line number="295" hits="0"/>
						<line number="297" hits="0"/>
						<line number="300" hits="1"/>
						<line number="303" hits="0" branch="true" condition-coverage="0% (0/2)" missing-branches="304,306"/>
						<line number="304" hits="1"/>
						<line number="306" hits="1" branch="true" condition-coverage="50% (1/2)" missing-branches="311"/>
						<line number="307" hits="1"/>
						<line number="311" hits="1" branch="true" condition-coverage="0% (0/2)" missing-branches="312,320"/>
						<line number="312" hits="1" branch="true" condition-coverage="50% (1/2)" missing-branches="exit"/>
						<line number="313" hits="1" branch="true" condition-coverage="0% (0/2)" missing-branches="exit,314"/>
						<line number="314" hits="0" branch="true" condition-coverage="0% (0/2)" missing-branches="315,322"/>
						<line number="315" hits="1"/>
						<line number="320" hits="0"/>
						<line number="322" hits="1" branch="true" condition-coverage="50% (1/2)" missing-branches="324"/>
						<line number="323" hits="1"/>
						<line number="324" hits="1" branch="true" condition-coverage="0% (0/2)" missing-branches="328,339"/>
						<line number="328" hits="1"/>
						<line number="339" hits="0"/>
						<line number="341" hits="1" branch="true" condition-coverage="0% (0/2)" missing-branches="342,356"/>
						<line number="342" hits="0" branch="true" condition-coverage="0% (0/2)" missing-branches="343,347"/>
						<line number="343" hits="1"/>
						<line number="347" hits="1"/>
						<line number="356" hits="1" branch="true" condition-coverage="0% (0/2)" missing-branches="357,375"/>
						<line number="357" hits="1" branch="true" condition-coverage="0% (0/2)" missing-branches="364,367"/>
						<line number="364" hits="1"/>
						<line number="366" hits="0"/>
						<line number="367" hits="0" branch="true" condition-coverage="0% (0/2)" missing-branches="368,370"/>
						<line number="368" hits="0"/>
						<line number="370" hits="0"/>
						<line number="371" hits="1" branch="true" condition-coverage="0% (0/2)" missing-branches="exit,386"/>
						<line number="375" hits="0" branch="true" condition-coverage="0% (0/2)" missing-branches="376,379"/>
						<line number="376" hits="1"/>
						<line number="379" hits="1"/>
						<line number="380" hits="1" branch="true" condition-coverage="50% (1/2)" missing-branches="exit"/>
						<line number="386" hits="1"/>
						<line number="388" hits="0" branch="true" condition-coverage="0% (0/2)" missing-branches="389,390"/>
						<line number="389" hits="1"/>
						<line number="390" hits="1" branch="true" condition-coverage="50% (1/2)" missing-branches="391"/>
						<line number="391" hits="0"/>
						<line number="395" hits="1"/>
						<line number="397" hits="1"/>
						<line number="399" hits="1"/>
						<line number="400" hits="1" branch="true" condition-coverage="50% (1/2)" missing-branches="407"/>
						<line number="401" hits="1"/>
						<line number="407" hits="1" branch="true" condition-coverage="50% (1/2)" missing-branches="413"/>
						<line number="408" hits="1"/>
						<line number="413" hits="0" branch="true" condition-coverage="0% (0/2)" missing-branches="414,419"/>
						<line number="414" hits="1"/>
						<line number="419" hits="1"/>
						<line number="421" hits="0"/>
						<line number="423" hits="0" branch="true" condition-coverage="0% (0/2)" missing-branches="424,432"/>
						<line number="424" hits="0" branch="true" condition-coverage="0% (0/2)" missing-branches="426,431"/>
						<line number="426" hits="1"/>
						<line number="431" hits="0"/>
						<line number="432" hits="1" branch="true" condition-coverage="0% (0/2)" missing-branches="433,440"/>
						<line number="433" hits="0" branch="true" condition-coverage="0% (0/2)" missing-branches="434,436"/>
						<line number="434" hits="0"/>
						<line number="436" hits="1"/>
						<line number="440" hits="1"/>
						<line number="442" hits="1" branch="true" condition-coverage="0% (0/2)" missing-branches="443,445"/>
						<line number="443" hits="0"/>
						<line number="445" hits="1"/>
						<line number="448" hits="1"/>
						<line number="456" hits="0" branch="true" condition-coverage="0% (0/2)" missing-branches="457,460"/>
						<line number="457" hits="0"/>
						<line number="460" hits="1"/>
						<line number="461" hits="0"/>
						<line number="463" hits="1"/>
						<line number="464" hits="0"/>
						<line number="465" hits="1"/>
						<line number="467" hits="1"/>
						<line number="468" hits="0"/>
						<line number="469" hits="0"/>
						<line number="470" hits="0"/>
						<line number="472" hits="1"/>
						<line number="473" hits="0" branch="true" condition-coverage="0% (0/2)" missing-branches="exit,476"/>
						<line number="476" hits="0" branch="true" condition-coverage="0% (0/2)" missing-branches="exit,479"/>
						<line number="479" hits="0"/>
						<line number="480" hits="0"/>
						<line number="482" hits="0"/>
						<line number="483" hits="1"/>
						<line number="484" hits="1"/>
						<line number="485" hits="0"/>
						<line number="490" hits="0"/>
						<line number="491" hits="0"/>
						<line number="492" hits="0"/>
						<line number="493" hits="0"/>
						<line number="494" hits="1"/>
						<line number="496" hits="0"/>
						<line number="497" hits="0" branch="true" condition-coverage="0% (0/2)" missing-branches="498,500"/>
						<line number="498" hits="0"/>
						<line number="500" hits="1" branch="true" condition-coverage="50% (1/2)" missing-branches="502"/>
						<line number="501" hits="1"/>
						<line number="502" hits="1" branch="true" condition-coverage="50% (1/2)" missing-branches="505"/>
						<line number="503" hits="1"/>
						<line number="505" hits="0"/>
						<line number="508" hits="1"/>
						<line number="518" hits="0"/>
						<line number="521" hits="1"/>
						<line number="524" hits="0" branch="true" condition-coverage="0% (0/2)" missing-branches="525,539"/>
						<line number="525" hits="1" branch="true" condition-coverage="0% (0/2)" missing-branches="531,533"/>
						<line number="531" hits="0"/>
						<line number="533" hits="0"/>
						<line number="534" hits="0" branch="true" condition-coverage="0% (0/2)" missing-branches="535,547"/>
						<line number="535" hits="0" branch="true" condition-coverage="0% (0/2)" missing-branches="exit,534"/>
						<line number="539" hits="0"/>
						<line number="540" hits="1" branch="true" condition-coverage="0% (0/2)" missing-branches="exit,547"/>
						<line number="547" hits="0"/>
						<line number="549" hits="1"/>
						<line number="551" hits="1"/>
						<line number="554" hits="0" branch="true" condition-coverage="0% (0/2)" missing-branches="555,566"/>
						<line number="555" hits="1"/>
						<line number="556" hits="1"/>
						<line number="566" hits="0"/>
						<line number="568" hits="0"/>
						<line number="569" hits="0"/>
						<line number="571" hits="0"/>
						<line number="574" hits="0"/>
						<line number="604" hits="0"/>
						<line number="612" hits="0"/>
						<line number="613" hits="0"/>
						<line number="614" hits="0" branch="true" condition-coverage="0% (0/2)" missing-branches="exit,615"/>
						<line number="615" hits="0"/>
						<line number="618" hits="0"/>
						<line number="621" hits="0"/>
						<line number="622" hits="0" branch="true" condition-coverage="0% (0/2)" missing-branches="exit,623"/>
						<line number="623" hits="0" branch="true" condition-coverage="0% (0/2)" missing-branches="exit,624"/>
						<line number="624" hits="0" branch="true" condition-coverage="0% (0/2)" missing-branches="exit,623"/>
						<line number="627" hits="0"/>
						<line number="635" hits="0"/>
						<line number="636" hits="0" branch="true" condition-coverage="0% (0/2)" missing-branches="exit,exit"/>
						<line number="639" hits="0"/>
						<line number="642" hits="0" branch="true" condition-coverage="0% (0/2)" missing-branches="exit,643"/>
						<line number="643" hits="0" branch="true" condition-coverage="0% (0/2)" missing-branches="exit,644"/>
						<line number="644" hits="0" branch="true" condition-coverage="0% (0/2)" missing-branches="643,645"/>
						<line number="645" hits="0"/>
						<line number="648" hits="1"/>
						<line number="659" hits="0"/>
						<line number="661" hits="0" branch="true" condition-coverage="0% (0/2)" missing-branches="662,663"/>
						<line number="662" hits="0"/>
						<line number="663" hits="0" branch="true" condition-coverage="0% (0/2)" missing-branches="664,665"/>
						<line number="664" hits="0"/>
						<line number="665" hits="1" branch="true" condition-coverage="50% (1/2)" missing-branches="667"/>
						<line number="666" hits="1"/>
						<line number="667" hits="1"/>
						<line number="668" hits="1" branch="true" condition-coverage="50% (1/2)" missing-branches="669"/>
						<line number="669" hits="0"/>
						<line number="670" hits="1"/>
						<line number="673" hits="0"/>
						<line number="698" hits="0"/>
						<line number="699" hits="0"/>
						<line number="700" hits="0"/>
						<line number="701" hits="0"/>
						<line number="703" hits="0" branch="true" condition-coverage="0% (0/2)" missing-branches="704,706"/>
						<line number="704" hits="0"/>
						<line number="706" hits="0"/>
						<line number="708" hits="0" branch="true" condition-coverage="0% (0/2)" missing-branches="exit,709"/>
						<line number="709" hits="0"/>
						<line number="710" hits="0" branch="true" condition-coverage="0% (0/2)" missing-branches="711,713"/>
						<line number="711" hits="0"/>
						<line number="713" hits="0"/>
						<line number="716" hits="0" branch="true" condition-coverage="0% (0/2)" missing-branches="exit,exit"/>
						<line number="775" hits="0"/>
						<line number="777" hits="0" branch="true" condition-coverage="0% (0/2)" missing-branches="778,782"/>
						<line number="778" hits="0"/>
						<line number="782" hits="0" branch="true" condition-coverage="0% (0/2)" missing-branches="783,786"/>
						<line number="783" hits="0"/>
						<line number="784" hits="0"/>
						<line number="786" hits="0" branch="true" condition-coverage="0% (0/2)" missing-branches="exit,791"/>
						<line number="791" hits="0"/>
						<line number="792" hits="0" branch="true" condition-coverage="0% (0/2)" missing-branches="exit,795"/>
						<line number="795" hits="0"/>
						<line number="797" hits="0" branch="true" condition-coverage="0% (0/2)" missing-branches="exit,799"/>
						<line number="799" hits="0"/>
					</lines>
				</class>
			</classes>
		</package>
		<package name="tests" line-rate="0.5169" branch-rate="0.3438" complexity="0">
			<classes>
				<class name="bootstrap_test.py" filename="tests/bootstrap_test.py" complexity="0" line-rate="0.5169" branch-rate="0.3438">
					<methods/>
					<lines>
						<line number="1" hits="1"/>
						<line number="2" hits="1"/>
						<line number="3" hits="1"/>
						<line number="4" hits="1"/>
						<line number="6" hits="1"/>
						<line number="7" hits="1"/>
						<line number="9" hits="1"/>
						<line number="10" hits="1"/>
						<line number="11" hits="0"/>
						<line number="14" hits="1"/>
						<line number="15" hits="1"/>
						<line number="16" hits="1"/>
						<line number="40" hits="1"/>
						<line number="41" hits="1"/>
						<line number="42" hits="1"/>
						<line number="43" hits="1"/>
						<line number="44" hits="0" branch="true" condition-coverage="0% (0/2)" missing-branches="exit,45"/>
						<line number="45" hits="0"/>
						<line number="47" hits="1"/>
						<line number="50" hits="1"/>
						<line number="51" hits="1"/>
						<line number="52" hits="0"/>
						<line number="53" hits="1"/>
						<line number="54" hits="1"/>
						<line number="56" hits="0"/>
						<line number="57" hits="1"/>
						<line number="58" hits="1"/>
						<line number="59" hits="0"/>
						<line number="61" hits="1"/>
						<line number="62" hits="1" branch="true" condition-coverage="100% (2/2)"/>
						<line number="70" hits="1"/>
						<line number="74" hits="1"/>
						<line number="75" hits="1" branch="true" condition-coverage="50% (1/2)" missing-branches="83"/>
						<line number="83" hits="0"/>
						<line number="87" hits="0"/>
						<line number="88" hits="1" branch="true" condition-coverage="0% (0/2)" missing-branches="exit,89"/>
						<line number="89" hits="1"/>
						<line number="91" hits="1"/>
						<line number="92" hits="1"/>
						<line number="94" hits="1" branch="true" condition-coverage="0% (0/2)" missing-branches="exit,95"/>
						<line number="95" hits="0"/>
						<line number="97" hits="1"/>
						<line number="98" hits="1"/>
						<line number="102" hits="1"/>
						<line number="104" hits="1"/>
						<line number="105" hits="1"/>
						<line number="106" hits="1"/>
						<line number="108" hits="0"/>
						<line number="109" hits="1"/>
						<line number="112" hits="1"/>
						<line number="123" hits="1"/>
						<line number="124" hits="1"/>
						<line number="127" hits="1"/>
						<line number="131" hits="1"/>
						<line number="132" hits="1"/>
						<line number="133" hits="1"/>
						<line number="134" hits="0"/>
						<line number="136" hits="1"/>
						<line number="137" hits="1"/>
						<line number="138" hits="1"/>
						<line number="139" hits="1"/>
						<line number="143" hits="1"/>
						<line number="144" hits="1"/>
						<line number="145" hits="1"/>
						<line number="149" hits="0"/>
						<line number="150" hits="1" branch="true" condition-coverage="100% (2/2)"/>
						<line number="157" hits="1" branch="true" condition-coverage="100% (2/2)"/>
						<line number="164" hits="1"/>
						<line number="166" hits="0"/>
						<line number="167" hits="1" branch="true" condition-coverage="0% (0/2)" missing-branches="exit,exit"/>
						<line number="174" hits="0"/>
						<line number="175" hits="1" branch="true" condition-coverage="50% (1/2)" missing-branches="exit"/>
						<line number="182" hits="1" branch="true" condition-coverage="100% (2/2)"/>
						<line number="189" hits="1" branch="true" condition-coverage="0% (0/2)" missing-branches="exit,196"/>
						<line number="196" hits="0"/>
						<line number="197" hits="0"/>
						<line number="199" hits="0"/>
						<line number="200" hits="1" branch="true" condition-coverage="50% (1/2)" missing-branches="exit"/>
						<line number="209" hits="0"/>
						<line number="210" hits="0" branch="true" condition-coverage="0% (0/2)" missing-branches="exit,218"/>
						<line number="218" hits="0" branch="true" condition-coverage="0% (0/2)" missing-branches="exit,226"/>
						<line number="226" hits="0" branch="true" condition-coverage="0% (0/2)" missing-branches="exit,234"/>
						<line number="234" hits="0"/>
						<line number="235" hits="0"/>
						<line number="237" hits="0"/>
						<line number="238" hits="0"/>
						<line number="241" hits="0"/>
						<line number="245" hits="0"/>
						<line number="246" hits="0"/>
						<line number="247" hits="0"/>
						<line number="250" hits="0"/>
						<line number="252" hits="0"/>
						<line number="253" hits="0"/>
						<line number="254" hits="0"/>
						<line number="255" hits="0"/>
						<line number="256" hits="0"/>
						<line number="258" hits="0"/>
						<line number="259" hits="0"/>
						<line number="260" hits="0"/>
						<line number="261" hits="0"/>
						<line number="262" hits="0"/>
						<line number="264" hits="0"/>
						<line number="265" hits="0"/>
						<line number="266" hits="0"/>
						<line number="267" hits="0"/>
						<line number="268" hits="0"/>
						<line number="270" hits="0"/>
						<line number="271" hits="0"/>
						<line number="274" hits="0"/>
						<line number="276" hits="0"/>
						<line number="277" hits="0"/>
						<line number="278" hits="0"/>
						<line number="279" hits="0"/>
						<line number="280" hits="0"/>
						<line number="281" hits="0"/>
						<line number="283" hits="0"/>
						<line number="291" hits="0" branch="true" condition-coverage="0% (0/2)" missing-branches="exit,298"/>
						<line number="298" hits="0"/>
					</lines>
				</class>
			</classes>
		</package>
	</packages>
</coverage>
